This is pdfTeX, Version 3.14159265-2.6-1.40.20 (MiKTeX 2.9.7140 64-bit) (preloaded format=pdflatex 2019.9.13)  13 JAN 2021 19:55
entering extended mode
**C:/Users/charf/Documents/GitHub/Neptune-Ball/Charsheets/Ariel.tex
(C:/Users/charf/Documents/GitHub/Neptune-Ball/Charsheets/Ariel.tex
LaTeX2e <2018-12-01>
(C:\Users\charf\Documents\GitHub\Neptune-Ball\LaTeX\NeptuneBall.cls
(C:\Users\charf\Documents\GitHub\Neptune-Ball\LaTeX\NeptuneBall_path.cls)
! I can't find file `C:/Users/charf/OneDrive/Documents/GitHub/Neptune-Ball//LaT
eX/gametex.sty'.
l.249 \input \latex/gametex.sty
                               
Please type another input file name
! Emergency stop.
l.249 \input \latex/gametex.sty
                               
*** (job aborted, file error in nonstop mode)

 
Here is how much of TeX's memory you used:
 75 strings out of 492895
 1294 string characters out of 3123735
 57345 words of memory out of 3000000
 4079 multiletter control sequences out of 15000+200000
 3640 words of font info for 14 fonts, out of 3000000 for 9000
 1141 hyphenation exceptions out of 8191
 11i,0n,8p,465b,8s stack positions out of 5000i,500n,10000p,200000b,50000s
!  ==> Fatal error occurred, no output PDF file produced!
